<?xml version="1.0" ?>
<coverage version="5.5" timestamp="1625922399346" lines-valid="33" lines-covered="33" line-rate="1" branches-valid="0" branches-covered="0" branch-rate="1" complexity="0">
	<!-- Generated by coverage.py: https://coverage.readthedocs.io -->
	<!-- Based on https://raw.githubusercontent.com/cobertura/web/master/htdocs/xml/coverage-04.dtd -->
	<sources>
		<source>D:\Git\poc-2\src</source>
	</sources>
	<packages>
		<package name="." line-rate="1" branch-rate="1" complexity="0">
			<classes>
				<class name="test_advanced_fish_tank.py" filename="test_advanced_fish_tank.py" complexity="0" line-rate="1" branch-rate="1">
					<methods/>
					<lines>
						<line number="1" hits="1"/>
						<line number="2" hits="1"/>
						<line number="4" hits="1"/>
						<line number="5" hits="1"/>
						<line number="6" hits="1"/>
						<line number="7" hits="1"/>
						<line number="8" hits="1"/>
						<line number="9" hits="1"/>
						<line number="11" hits="1"/>
						<line number="12" hits="1"/>
						<line number="15" hits="1"/>
						<line number="16" hits="1"/>
						<line number="17" hits="1"/>
						<line number="19" hits="1"/>
						<line number="20" hits="1"/>
						<line number="22" hits="1"/>
						<line number="23" hits="1"/>
						<line number="24" hits="1"/>
						<line number="25" hits="1"/>
					</lines>
				</class>
				<class name="test_fish_tank.py" filename="test_fish_tank.py" complexity="0" line-rate="1" branch-rate="1">
					<methods/>
					<lines>
						<line number="1" hits="1"/>
						<line number="3" hits="1"/>
						<line number="4" hits="1"/>
						<line number="5" hits="1"/>
						<line number="7" hits="1"/>
						<line number="8" hits="1"/>
						<line number="10" hits="1"/>
						<line number="11" hits="1"/>
						<line number="12" hits="1"/>
						<line number="14" hits="1"/>
						<line number="15" hits="1"/>
						<line number="17" hits="1"/>
						<line number="18" hits="1"/>
						<line number="19" hits="1"/>
					</lines>
				</class>
			</classes>
		</package>
	</packages>
</coverage>
