{
    "meta":{
       "version":"5.5",
       "timestamp":"2021-07-10T21:06:45.652682",
       "branch_coverage":true,
       "show_contexts":false
    },
    "files":{
       "test_advanced_fish_tank.py":{
          "executed_lines":[
             1,
             2,
             4,
             5,
             6,
             7,
             8,
             9,
             11,
             12,
             15,
             16,
             17,
             19,
             20,
             22,
             23,
             24,
             25
          ],
          "summary":{
             "covered_lines":19,
             "num_statements":19,
             "percent_covered":100.0,
             "missing_lines":0,
             "excluded_lines":0,
             "num_branches":0,
             "num_partial_branches":0,
             "covered_branches":0,
             "missing_branches":0
          },
          "missing_lines":[
             
          ],
          "excluded_lines":[
             
          ]
       },
       "test_fish_tank.py":{
          "executed_lines":[
             1,
             3,
             4,
             5,
             7,
             8,
             10,
             11,
             12,
             14,
             15,
             17,
             18,
             19
          ],
          "summary":{
             "covered_lines":14,
             "num_statements":14,
             "percent_covered":100.0,
             "missing_lines":0,
             "excluded_lines":0,
             "num_branches":0,
             "num_partial_branches":0,
             "covered_branches":0,
             "missing_branches":0
          },
          "missing_lines":[
             
          ],
          "excluded_lines":[
             
          ]
       }
    },
    "totals":{
       "covered_lines":33,
       "num_statements":33,
       "percent_covered":100.0,
       "missing_lines":0,
       "excluded_lines":0,
       "num_branches":0,
       "num_partial_branches":0,
       "covered_branches":0,
       "missing_branches":0
    }
 }